info it worked if it ends with ok
verbose cli [ 'node', '/usr/local/bin/npm', 'install', 'socketio' ]
info using npm@1.0.106
info using node@v0.5.11-pre
verbose config file /Users/kaushalparikh/.npmrc
verbose config file /usr/local/etc/npmrc
verbose config file /usr/local/lib/node_modules/npm/npmrc
silly testEngine { name: 'express',
silly testEngine   description: 'Sinatra inspired web development framework',
silly testEngine   version: '3.1.1',
silly testEngine   author: { name: 'TJ Holowaychuk', email: 'tj@vision-media.ca' },
silly testEngine   contributors: 
silly testEngine    [ { name: 'TJ Holowaychuk', email: 'tj@vision-media.ca' },
silly testEngine      { name: 'Aaron Heckmann',
silly testEngine        email: 'aaron.heckmann+github@gmail.com' },
silly testEngine      { name: 'Ciaran Jessup', email: 'ciaranj@gmail.com' },
silly testEngine      { name: 'Guillermo Rauch', email: 'rauchg@gmail.com' } ],
silly testEngine   dependencies: 
silly testEngine    { connect: '2.7.4',
silly testEngine      commander: '0.6.1',
silly testEngine      'range-parser': '0.0.4',
silly testEngine      mkdirp: '~0.3.4',
silly testEngine      cookie: '0.0.5',
silly testEngine      'buffer-crc32': '~0.2.1',
silly testEngine      fresh: '0.1.0',
silly testEngine      methods: '0.0.1',
silly testEngine      send: '0.1.0',
silly testEngine      'cookie-signature': '0.0.1',
silly testEngine      debug: '*' },
silly testEngine   devDependencies: 
silly testEngine    { ejs: '*',
silly testEngine      mocha: '*',
silly testEngine      jade: '*',
silly testEngine      hjs: '*',
silly testEngine      stylus: '*',
silly testEngine      should: '*',
silly testEngine      'connect-redis': '*',
silly testEngine      'github-flavored-markdown': '*',
silly testEngine      supertest: '0.0.1' },
silly testEngine   keywords: 
silly testEngine    [ 'express',
silly testEngine      'framework',
silly testEngine      'sinatra',
silly testEngine      'web',
silly testEngine      'rest',
silly testEngine      'restful',
silly testEngine      'router',
silly testEngine      'app',
silly testEngine      'api' ],
silly testEngine   repository: { type: 'git', url: 'git://github.com/visionmedia/express.git' },
silly testEngine   main: 'index',
silly testEngine   bin: { express: './bin/express' },
silly testEngine   scripts: { prepublish: 'npm prune', test: 'make test' },
silly testEngine   engines: { node: '*' },
silly testEngine   _id: 'express@3.1.1',
silly testEngine   _engineSupported: true,
silly testEngine   _npmVersion: '1.0.106',
silly testEngine   _nodeVersion: 'v0.5.11-pre',
silly testEngine   _defaultsLoaded: true }
verbose caching /Users/kaushalparikh/projects/redoneCloudspeaker/node_modules/express/package.json
verbose loadDefaults express@3.1.1
silly testEngine { name: 'socket.io',
silly testEngine   version: '0.9.14',
silly testEngine   description: 'Real-time apps made cross-browser & easy with a WebSocket-like API',
silly testEngine   homepage: 'http://socket.io',
silly testEngine   keywords: [ 'websocket', 'socket', 'realtime', 'socket.io', 'comet', 'ajax' ],
silly testEngine   author: { name: 'Guillermo Rauch', email: 'guillermo@learnboost.com' },
silly testEngine   contributors: 
silly testEngine    [ { name: 'Guillermo Rauch', email: 'rauchg@gmail.com' },
silly testEngine      { name: 'Arnout Kazemier', email: 'info@3rd-eden.com' },
silly testEngine      { name: 'Vladimir Dronnikov', email: 'dronnikov@gmail.com' },
silly testEngine      { name: 'Einar Otto Stangvik', email: 'einaros@gmail.com' } ],
silly testEngine   repository: 
silly testEngine    { type: 'git',
silly testEngine      url: 'git://github.com/LearnBoost/socket.io.git' },
silly testEngine   dependencies: 
silly testEngine    { 'socket.io-client': '0.9.11',
silly testEngine      policyfile: '0.0.4',
silly testEngine      base64id: '0.1.0' },
silly testEngine   devDependencies: 
silly testEngine    { expresso: '0.9.2',
silly testEngine      should: '*',
silly testEngine      benchmark: '0.2.2',
silly testEngine      microtime: '0.1.3-1',
silly testEngine      colors: '0.5.1' },
silly testEngine   optionalDependencies: { redis: '0.7.3' },
silly testEngine   main: 'index',
silly testEngine   engines: { node: '>= 0.4.0' },
silly testEngine   scripts: { test: 'make test' },
silly testEngine   _id: 'socket.io@0.9.14',
silly testEngine   _engineSupported: true,
silly testEngine   _npmVersion: '1.0.106',
silly testEngine   _nodeVersion: 'v0.5.11-pre',
silly testEngine   _defaultsLoaded: true }
verbose caching /Users/kaushalparikh/projects/redoneCloudspeaker/node_modules/socket.io/package.json
verbose loadDefaults socket.io@0.9.14
verbose into /Users/kaushalparikh/projects/redoneCloudspeaker [ 'socketio' ]
verbose cache add socketio
verbose cache add [ 'socketio', null ]
silly cache add: name, spec, args [ undefined, 'socketio', [ 'socketio', null ] ]
verbose parsed url { pathname: 'socketio', path: 'socketio', href: 'socketio' }
info addNamed [ 'socketio', '' ]
verbose addNamed [ null, '' ]
verbose GET socketio
verbose raw, before any munging socketio
verbose url resolving [ 'https://registry.npmjs.org/', './socketio' ]
verbose url resolved https://registry.npmjs.org/socketio
silly get cb [ 404,
silly get cb   { server: 'CouchDB/1.2.1 (Erlang OTP/R15B03)',
silly get cb     date: 'Mon, 08 Apr 2013 22:08:27 GMT',
silly get cb     'content-type': 'application/json',
silly get cb     'content-length': '52',
silly get cb     'cache-control': 'must-revalidate' } ]
ERR! 404 'socketio' is not in the npm registry.
ERR! 404 You could maybe bug the author to publish it
ERR! 404 Note that you can also install from a tarball or folder.
ERR! 
ERR! System Darwin 11.4.0
ERR! command "node" "/usr/local/bin/npm" "install" "socketio"
ERR! cwd /Users/kaushalparikh/projects/redoneCloudspeaker
ERR! node -v v0.5.11-pre
ERR! npm -v 1.0.106
ERR! code E404
verbose exit [ 1, true ]
